<?xml version="1.0" encoding="UTF-8"?>
<!-- Generated by org.testng.reporters.JUnitXMLReporter -->
<testsuite ignored="0" hostname="DESKTOP-TBIUCN6" failures="0" tests="6" name="Default test" time="0.096" errors="0" timestamp="2023-11-28T08:36:26 IST">
  <testcase classname="steps.HotelBooking" name="@BeforeClass setUp" time="-1.701140786704E9">
    <failure type="org.testng.TestNGException" message="
Parameter &amp;apos;browserName&amp;apos; is required by BeforeClass on method setUp but has not been marked @Optional or defined
in C:\Users\LENOVO\AppData\Local\Temp\testng-eclipse--1479518902\testng-customsuite.xml">
      <![CDATA[org.testng.TestNGException: 
Parameter 'browserName' is required by BeforeClass on method setUp but has not been marked @Optional or defined
in C:\Users\LENOVO\AppData\Local\Temp\testng-eclipse--1479518902\testng-customsuite.xml
at org.testng.internal.Parameters.createParams(Parameters.java:267)
at org.testng.internal.Parameters.createParametersForMethod(Parameters.java:355)
at org.testng.internal.Parameters.createParameters(Parameters.java:684)
at org.testng.internal.Parameters.createConfigurationParameters(Parameters.java:166)
at org.testng.internal.invokers.ConfigInvoker.invokeConfigurations(ConfigInvoker.java:277)
at org.testng.internal.invokers.TestMethodWorker.invokeBeforeClassMethods(TestMethodWorker.java:180)
at org.testng.internal.invokers.TestMethodWorker.run(TestMethodWorker.java:122)
at java.base/java.util.ArrayList.forEach(ArrayList.java:1511)
at org.testng.TestRunner.privateRun(TestRunner.java:829)
at org.testng.TestRunner.run(TestRunner.java:602)
at org.testng.SuiteRunner.runTest(SuiteRunner.java:437)
at org.testng.SuiteRunner.runSequentially(SuiteRunner.java:431)
at org.testng.SuiteRunner.privateRun(SuiteRunner.java:391)
at org.testng.SuiteRunner.run(SuiteRunner.java:330)
at org.testng.SuiteRunnerWorker.runSuite(SuiteRunnerWorker.java:52)
at org.testng.SuiteRunnerWorker.run(SuiteRunnerWorker.java:95)
at org.testng.TestNG.runSuitesSequentially(TestNG.java:1256)
at org.testng.TestNG.runSuitesLocally(TestNG.java:1176)
at org.testng.TestNG.runSuites(TestNG.java:1099)
at org.testng.TestNG.run(TestNG.java:1067)
at org.testng.remote.AbstractRemoteTestNG.run(AbstractRemoteTestNG.java:115)
at org.testng.remote.RemoteTestNG.initAndRun(RemoteTestNG.java:251)
at org.testng.remote.RemoteTestNG.main(RemoteTestNG.java:77)
]]>
    </failure>
  </testcase> <!-- @BeforeClass setUp -->
  <testcase classname="steps.HotelBooking" name="TC_01_Login" time="0.0">
    <skipped/>
  </testcase> <!-- TC_01_Login -->
  <testcase classname="steps.HotelBooking" name="TC_02_SearchHotel" time="0.001">
    <skipped/>
  </testcase> <!-- TC_02_SearchHotel -->
  <testcase classname="steps.HotelBooking" name="TC_03_SelectHotel" time="0.0">
    <skipped/>
  </testcase> <!-- TC_03_SelectHotel -->
  <testcase classname="steps.HotelBooking" name="TC_04_BookHotel" time="0.0">
    <skipped/>
  </testcase> <!-- TC_04_BookHotel -->
  <testcase classname="steps.HotelBooking" name="TC_05_BookingConfirmation" time="0.0">
    <skipped/>
  </testcase> <!-- TC_05_BookingConfirmation -->
  <testcase classname="steps.HotelBooking" name="TC_06_BookedItenary" time="0.0">
    <skipped/>
  </testcase> <!-- TC_06_BookedItenary -->
</testsuite> <!-- Default test -->
